<?xml version="1.0" encoding="UTF-8"?>
<!-- Generated by org.testng.reporters.JUnitReportReporter -->
<testsuite skipped="0" hostname="Sam-PC" name="com.jbk.LoginTestTest" tests="5" failures="0" timestamp="16 Feb 2019 06:31:31 GMT" time="3.418" errors="0">
  <testcase name="checkTitle" time="0.046" classname="com.jbk.LoginTestTest"/>
  <testcase name="invalidEmailError" time="1.441" classname="com.jbk.LoginTestTest"/>
  <testcase name="invalidPasswordError" time="0.272" classname="com.jbk.LoginTestTest"/>
  <testcase name="blankEmaiPasswordError" time="0.243" classname="com.jbk.LoginTestTest"/>
  <testcase name="Dashboard" time="1.416" classname="com.jbk.LoginTestTest"/>
</testsuite> <!-- com.jbk.LoginTestTest -->
