<?xml version="1.0" encoding="UTF-8"?>
<!-- Generated by org.testng.reporters.JUnitReportReporter -->
<testsuite skipped="0" hostname="Sam-PC" name="com.jbk.Users" tests="1" failures="0" timestamp="16 Feb 2019 06:31:31 GMT" time="0.650" errors="0">
  <testcase name="users" time="0.650" classname="com.jbk.Users"/>
</testsuite> <!-- com.jbk.Users -->
